{"C:\\Users\\ips_v\\OneDrive\\Área de Trabalho\\aula-testes-m2\\isEven.js": {"path":"C:\\Users\\ips_v\\OneDrive\\Área de Trabalho\\aula-testes-m2\\isEven.js","statementMap":{"0":{"start":{"line":2,"column":2},"end":{"line":2,"column":26}},"1":{"start":{"line":5,"column":0},"end":{"line":5,"column":24}}},"fnMap":{"0":{"name":"isEven","decl":{"start":{"line":1,"column":9},"end":{"line":1,"column":15}},"loc":{"start":{"line":1,"column":24},"end":{"line":3,"column":1}},"line":1}},"branchMap":{},"s":{"0":2,"1":1},"f":{"0":2},"b":{},"_coverageSchema":"1a1c01bbd47fc00a2c39e90264f33305004495a9","hash":"83440536387fd30df195190456e6b80cf35137f2"}
,"C:\\Users\\ips_v\\OneDrive\\Área de Trabalho\\aula-testes-m2\\soma.js": {"path":"C:\\Users\\ips_v\\OneDrive\\Área de Trabalho\\aula-testes-m2\\soma.js","statementMap":{"0":{"start":{"line":2,"column":2},"end":{"line":2,"column":15}},"1":{"start":{"line":5,"column":0},"end":{"line":5,"column":22}}},"fnMap":{"0":{"name":"soma","decl":{"start":{"line":1,"column":9},"end":{"line":1,"column":13}},"loc":{"start":{"line":1,"column":20},"end":{"line":3,"column":1}},"line":1}},"branchMap":{},"s":{"0":1,"1":1},"f":{"0":1},"b":{},"_coverageSchema":"1a1c01bbd47fc00a2c39e90264f33305004495a9","hash":"d9133ba0e3bafecbc7fb28b33212158cf3619d31"}
}
